<?xml version="1.0" encoding="UTF-8"?>
<!-- Generated by org.testng.reporters.JUnitReportReporter -->
<testsuite hostname="SATISH-PC" name="org.ejagruti.investcorp.modules.ClientLogin" tests="1" failures="0" timestamp="27 Sep 2017 03:59:38 GMT" time="16.942" errors="0">
  <testcase name="execute" time="16.942" classname="org.ejagruti.investcorp.modules.ClientLogin"/>
</testsuite> <!-- org.ejagruti.investcorp.modules.ClientLogin -->
