<?xml version="1.0" encoding="UTF-8"?>
<!-- Generated by org.testng.reporters.JUnitReportReporter -->
<testsuite hostname="SATISH-PC" name="org.ejagruti.investcorp.modules.Navigation" tests="1" failures="0" timestamp="15 Jun 2018 05:34:02 GMT" time="12.972" errors="0">
  <testcase name="execute" time="12.972" classname="org.ejagruti.investcorp.modules.Navigation"/>
</testsuite> <!-- org.ejagruti.investcorp.modules.Navigation -->
