<?xml version="1.0" encoding="UTF-8"?>
<!-- Generated by org.testng.reporters.JUnitReportReporter -->
<testsuite hostname="SATISH-PC" name="org.ejagruti.investcorp.modules.AdminLogin" tests="1" failures="0" timestamp="15 Jun 2018 05:34:02 GMT" time="18.613" errors="0">
  <testcase name="execute" time="18.613" classname="org.ejagruti.investcorp.modules.AdminLogin"/>
</testsuite> <!-- org.ejagruti.investcorp.modules.AdminLogin -->
