<?xml version="1.0" encoding="UTF-8"?>
<!-- Generated by org.testng.reporters.JUnitReportReporter -->
<testsuite hostname="SATISH-PC" name="org.ejagruti.investcorp.modules.ViewandValidateData" tests="1" failures="0" timestamp="15 Jun 2018 05:34:02 GMT" time="0.004" errors="0">
  <testcase name="execute" time="0.004" classname="org.ejagruti.investcorp.modules.ViewandValidateData"/>
</testsuite> <!-- org.ejagruti.investcorp.modules.ViewandValidateData -->
