<?xml version="1.0" encoding="UTF-8"?>
<!-- Generated by org.testng.reporters.JUnitReportReporter -->
<testsuite hostname="SATISH-PC" name="org.ejagruti.investcorp.modules.AdminLogin" tests="1" failures="0" timestamp="15 Jun 2018 06:35:29 GMT" time="20.056" errors="0">
  <testcase name="execute" time="20.056" classname="org.ejagruti.investcorp.modules.AdminLogin"/>
</testsuite> <!-- org.ejagruti.investcorp.modules.AdminLogin -->
