<?xml version="1.0" encoding="UTF-8"?>
<!-- Generated by org.testng.reporters.JUnitReportReporter -->
<testsuite hostname="SATISH-PC" name="org.ejagruti.investcorp.modules.LaunchApp" tests="1" failures="0" timestamp="15 Jun 2018 06:35:29 GMT" time="25.772" errors="0">
  <testcase name="execute" time="25.772" classname="org.ejagruti.investcorp.modules.LaunchApp"/>
</testsuite> <!-- org.ejagruti.investcorp.modules.LaunchApp -->
